Sencha Cmd 7.9.0.35 - Crash report
================================================
An error occurred while executing the following command: ant clean

Diagnostic information:
=======================
                          cmd.config.dir : C:\Users\Анастасия\AppData\Roaming\npm\node_modules\@sencha\cmd\dist
                                 cmd.dir : C:\Users\Анастасия\AppData\Roaming\npm\node_modules\@sencha\cmd\dist
              cmd.merge.tool.args.araxis : -wait -merge -3 -a1 {base} {user} {generated} {out}
              cmd.merge.tool.args.kdiff3 : {base} {user} {generated} -o {out}                
             cmd.merge.tool.args.p4merge : {base} {user} {generated} {out}                   
           cmd.merge.tool.args.smartsync : {user} {generated} {base}                         
          cmd.merge.tool.args.sourcegear : --merge --result={out} {user} {base} {generated}  
            cmd.merge.tool.args.tortoise : -base:{base} -theirs:{generated} -mine:{user} -merged:{out}
                              cmd.minver : 3.0.0.0                                           
                            cmd.platform : windows                                           
                     cmd.unicode.escapes : C:\Users\Анастасия\AppData\Roaming\npm\node_modules\@sencha\cmd\dist/unicode-escapes.json
                             cmd.version : 7.9.0.35                                          
                            cmd.web.port : 1841                                              
                       inspector.address : http://localhost:1839/                            
                          repo.local.dir : C:\Users\Анастасия\AppData\Roaming\npm\node_modules\@sencha\cmd\repo
                       shared.sencha.dir : false                                             
        system.java.net.useSystemProxies : true                                              

Exception information:
=======================
java.io.FileNotFoundException: C:\Users\Анастасия\WebstormProjects\test-ext-js\build.xml (Не удается найти указанный файл)
     at org.apache.tools.ant.helper.ProjectHelper2.parse(ProjectHelper2.java:328)
     at org.apache.tools.ant.helper.ProjectHelper2.parse(ProjectHelper2.java:178)
     at org.apache.tools.ant.ProjectHelper.configureProject(ProjectHelper.java:82)
     at com.sencha.ant.AntScript.init(AntScript.java:223)
     at com.sencha.command.ant.AntCommand.execute(AntCommand.java:106)
     at sun.reflect.NativeMethodAccessorImpl.invoke0(Native Method)
     at sun.reflect.NativeMethodAccessorImpl.invoke(NativeMethodAccessorImpl.java:62)
     at sun.reflect.DelegatingMethodAccessorImpl.invoke(DelegatingMethodAccessorImpl.java:43)
     at java.lang.reflect.Method.invoke(Method.java:498)
     at com.sencha.util.MethodInvoker$Arguments.invoke(MethodInvoker.java:175)
     at com.sencha.cli.Command.dispatch(Command.java:43)
     at com.sencha.cli.Commands.dispatch(Commands.java:64)
     at com.sencha.command.Sencha.dispatch(Sencha.java:80)
     at com.sencha.command.Sencha.main(Sencha.java:156)
     at sun.reflect.NativeMethodAccessorImpl.invoke0(Native Method)
     at sun.reflect.NativeMethodAccessorImpl.invoke(NativeMethodAccessorImpl.java:62)
     at sun.reflect.DelegatingMethodAccessorImpl.invoke(DelegatingMethodAccessorImpl.java:43)
     at java.lang.reflect.Method.invoke(Method.java:498)
     at com.exe4j.runtime.LauncherEngine.launch(LauncherEngine.java:84)
     at com.exe4j.runtime.WinLauncher.main(WinLauncher.java:94)
     at com.install4j.runtime.launcher.WinLauncher.main(WinLauncher.java:25)
   Caused by: C:\Users\Анастасия\WebstormProjects\test-ext-js\build.xml (Не удается найти указанный файл)
     at java.io.FileInputStream.open0(Native Method)
     at java.io.FileInputStream.open(FileInputStream.java:195)
     at java.io.FileInputStream.<init>(FileInputStream.java:138)
     at org.apache.tools.ant.helper.ProjectHelper2.parse(ProjectHelper2.java:278)
     at org.apache.tools.ant.helper.ProjectHelper2.parse(ProjectHelper2.java:178)
     at org.apache.tools.ant.ProjectHelper.configureProject(ProjectHelper.java:82)
     at com.sencha.ant.AntScript.init(AntScript.java:223)
     at com.sencha.command.ant.AntCommand.execute(AntCommand.java:106)
     at sun.reflect.NativeMethodAccessorImpl.invoke0(Native Method)
     at sun.reflect.NativeMethodAccessorImpl.invoke(NativeMethodAccessorImpl.java:62)
     at sun.reflect.DelegatingMethodAccessorImpl.invoke(DelegatingMethodAccessorImpl.java:43)
     at java.lang.reflect.Method.invoke(Method.java:498)
     at com.sencha.util.MethodInvoker$Arguments.invoke(MethodInvoker.java:175)
     at com.sencha.cli.Command.dispatch(Command.java:43)
     at com.sencha.cli.Commands.dispatch(Commands.java:64)
     at com.sencha.command.Sencha.dispatch(Sencha.java:80)
     at com.sencha.command.Sencha.main(Sencha.java:156)
     at sun.reflect.NativeMethodAccessorImpl.invoke0(Native Method)
     at sun.reflect.NativeMethodAccessorImpl.invoke(NativeMethodAccessorImpl.java:62)
     at sun.reflect.DelegatingMethodAccessorImpl.invoke(DelegatingMethodAccessorImpl.java:43)
     at java.lang.reflect.Method.invoke(Method.java:498)
     at com.exe4j.runtime.LauncherEngine.launch(LauncherEngine.java:84)
     at com.exe4j.runtime.WinLauncher.main(WinLauncher.java:94)
     at com.install4j.runtime.launcher.WinLauncher.main(WinLauncher.java:25)

